2025-12-21 11:47:45 - epicevents - ERROR - Erreur de test Sentry
Traceback (most recent call last):
  File "C:\Users\mihou\Desktop\Software_CRM\main.py", line 35, in <module>
    1 / 0
    ~~^~~
ZeroDivisionError: division by zero
2025-12-21 11:50:28 - epicevents - ERROR - Erreur de test Sentry
Traceback (most recent call last):
  File "C:\Users\mihou\Desktop\Software_CRM\main.py", line 35, in <module>
    1 / 0
    ~~^~~
ZeroDivisionError: division by zero
2025-12-21 11:56:45 - epicevents - ERROR - Erreur de test Sentry
Traceback (most recent call last):
  File "C:\Users\mihou\Desktop\Software_CRM\main.py", line 35, in <module>
    1 / 0
    ~~^~~
ZeroDivisionError: division by zero
2025-12-21 12:00:30 - epicevents - ERROR - Erreur de test Sentry
Traceback (most recent call last):
  File "C:\Users\mihou\Desktop\Software_CRM\main.py", line 35, in <module>
    1 / 0
    ~~^~~
ZeroDivisionError: division by zero
2025-12-21 12:01:06 - epicevents - ERROR - Erreur de test Sentry
Traceback (most recent call last):
  File "C:\Users\mihou\Desktop\Software_CRM\main.py", line 35, in <module>
    1 / 0
    ~~^~~
ZeroDivisionError: division by zero
2025-12-21 12:11:33 - epicevents - ERROR - Erreur de test Sentry
Traceback (most recent call last):
  File "C:\Users\mihou\Desktop\Software_CRM\main.py", line 36, in <module>
    1 / 0
    ~~^~~
ZeroDivisionError: division by zero
2025-12-21 12:16:34 - epicevents - ERROR - Erreur de test Sentry
Traceback (most recent call last):
  File "C:\Users\mihou\Desktop\Software_CRM\main.py", line 35, in <module>
    1 / 0
    ~~^~~
ZeroDivisionError: division by zero
2025-12-21 12:28:32 - epicevents - ERROR - Erreur de test Sentry
Traceback (most recent call last):
  File "C:\Users\mihou\Desktop\Software_CRM\main.py", line 35, in <module>
    1 / 0
    ~~^~~
ZeroDivisionError: division by zero
2025-12-21 20:36:45 - epicevents - ERROR - Erreur de test Sentry
Traceback (most recent call last):
  File "C:\Users\mihou\Desktop\Software_CRM\main.py", line 35, in <module>
    1 / 0
    ~~^~~
ZeroDivisionError: division by zero
2025-12-21 20:50:18 - epicevents - ERROR - Erreur de test Sentry
Traceback (most recent call last):
  File "C:\Users\mihou\Desktop\Software_CRM\main.py", line 36, in <module>
    1 / 0
    ~~^~~
ZeroDivisionError: division by zero
2025-12-21 21:10:36 - epicevents - ERROR - Erreur de test Sentry
Traceback (most recent call last):
  File "C:\Users\mihou\Desktop\Software_CRM\main.py", line 36, in <module>
    1 / 0
    ~~^~~
ZeroDivisionError: division by zero
2025-12-21 21:17:24 - epicevents - ERROR - Erreur de test Sentry
Traceback (most recent call last):
  File "C:\Users\mihou\Desktop\Software_CRM\main.py", line 35, in <module>
    1 / 0
    ~~^~~
ZeroDivisionError: division by zero
2025-12-21 21:33:48 - epicevents - ERROR - Erreur de test Sentry
Traceback (most recent call last):
  File "C:\Users\mihou\Desktop\Software_CRM\main.py", line 35, in <module>
    1 / 0
    ~~^~~
ZeroDivisionError: division by zero
2025-12-21 21:38:56 - epicevents - ERROR - Erreur de test Sentry
Traceback (most recent call last):
  File "C:\Users\mihou\Desktop\Software_CRM\main.py", line 35, in <module>
    1 / 0
    ~~^~~
ZeroDivisionError: division by zero
2025-12-21 21:43:21 - epicevents - ERROR - Erreur de test Sentry
Traceback (most recent call last):
  File "C:\Users\mihou\Desktop\Software_CRM\main.py", line 35, in <module>
    1 / 0
    ~~^~~
ZeroDivisionError: division by zero
2025-12-21 21:46:37 - epicevents - ERROR - Erreur de test Sentry
Traceback (most recent call last):
  File "C:\Users\mihou\Desktop\Software_CRM\main.py", line 35, in <module>
    1 / 0
    ~~^~~
ZeroDivisionError: division by zero
2025-12-21 21:51:29 - epicevents - ERROR - Erreur de test Sentry
Traceback (most recent call last):
  File "C:\Users\mihou\Desktop\Software_CRM\main.py", line 35, in <module>
    1 / 0
    ~~^~~
ZeroDivisionError: division by zero
2025-12-21 21:56:43 - epicevents - ERROR - Erreur de test Sentry
Traceback (most recent call last):
  File "C:\Users\mihou\Desktop\Software_CRM\main.py", line 35, in <module>
    1 / 0
    ~~^~~
ZeroDivisionError: division by zero
2025-12-21 21:57:17 - epicevents - ERROR - Erreur de test Sentry
Traceback (most recent call last):
  File "C:\Users\mihou\Desktop\Software_CRM\main.py", line 35, in <module>
    1 / 0
    ~~^~~
ZeroDivisionError: division by zero
2025-12-21 22:02:15 - epicevents - ERROR - Erreur de test Sentry
Traceback (most recent call last):
  File "C:\Users\mihou\Desktop\Software_CRM\main.py", line 35, in <module>
    1 / 0
    ~~^~~
ZeroDivisionError: division by zero
2025-12-21 22:06:12 - epicevents - ERROR - Erreur de test Sentry
Traceback (most recent call last):
  File "C:\Users\mihou\Desktop\Software_CRM\main.py", line 35, in <module>
    1 / 0
    ~~^~~
ZeroDivisionError: division by zero
2025-12-21 22:20:10 - epicevents - ERROR - Erreur de test Sentry
Traceback (most recent call last):
  File "C:\Users\mihou\Desktop\Software_CRM\main.py", line 35, in <module>
    1 / 0
    ~~^~~
ZeroDivisionError: division by zero
